current directory: /home/gen/scripts/ruby/app/.bundle/ruby/2.6.0/gems/mysql2-0.5.2/ext/mysql2
/home/gen/.rbenv/versions/2.6.1/bin/ruby -I /home/gen/.rbenv/versions/2.6.1/lib/ruby/2.6.0 -r ./siteconf20190314-27436-oy2znz.rb extconf.rb
checking for rb_absint_size()... yes
checking for rb_absint_singlebit_p()... yes
checking for rb_wait_for_single_fd()... yes
-----
Using mysql_config at /usr/bin/mysql_config
-----
checking for mysql.h... yes
checking for errmsg.h... yes
checking for SSL_MODE_DISABLED in mysql.h... no
checking for MYSQL_OPT_SSL_ENFORCE in mysql.h... yes
checking for MYSQL.net.vio in mysql.h... no
checking for MYSQL.net.pvio in mysql.h... yes
checking for MYSQL_ENABLE_CLEARTEXT_PLUGIN in mysql.h... yes
checking for SERVER_QUERY_NO_GOOD_INDEX_USED in mysql.h... yes
checking for SERVER_QUERY_NO_INDEX_USED in mysql.h... yes
checking for SERVER_QUERY_WAS_SLOW in mysql.h... yes
checking for MYSQL_OPTION_MULTI_STATEMENTS_ON in mysql.h... yes
checking for MYSQL_OPTION_MULTI_STATEMENTS_OFF in mysql.h... yes
checking for my_bool in mysql.h... yes
-----
Setting libpath to /usr/lib/
-----
creating Makefile

current directory: /home/gen/scripts/ruby/app/.bundle/ruby/2.6.0/gems/mysql2-0.5.2/ext/mysql2
make "DESTDIR=" clean

current directory: /home/gen/scripts/ruby/app/.bundle/ruby/2.6.0/gems/mysql2-0.5.2/ext/mysql2
make "DESTDIR="
compiling client.c
client.c: 関数 ‘rb_set_ssl_mode_option’ 内:
client.c:140:1: 警告: 制御が非 void 関数の終りに到達しました [-Wreturn-type]
 }
 ^
client.c: トップレベル:
cc1: 警告: 認識できないコマンドラインオプション ‘-Wno-used-but-marked-unused’ です
cc1: 警告: 認識できないコマンドラインオプション ‘-Wno-static-in-inline’ です
cc1: 警告: 認識できないコマンドラインオプション ‘-Wno-reserved-id-macro’ です
cc1: 警告: 認識できないコマンドラインオプション ‘-Wno-missing-variable-declarations’ です
cc1: 警告: 認識できないコマンドラインオプション ‘-Wno-documentation-unknown-command’ です
cc1: 警告: 認識できないコマンドラインオプション ‘-Wno-disabled-macro-expansion’ です
cc1: 警告: 認識できないコマンドラインオプション ‘-Wno-covered-switch-default’ です
cc1: 警告: 認識できないコマンドラインオプション ‘-Wno-conditional-uninitialized’ です
cc1: 警告: 認識できないコマンドラインオプション ‘-Wno-self-assign’ です
cc1: 警告: 認識できないコマンドラインオプション ‘-Wno-parentheses-equality’ です
cc1: 警告: 認識できないコマンドラインオプション ‘-Wno-constant-logical-operand’ です
compiling infile.c
compiling mysql2_ext.c
compiling result.c
compiling statement.c
linking shared-object mysql2/mysql2.so

current directory: /home/gen/scripts/ruby/app/.bundle/ruby/2.6.0/gems/mysql2-0.5.2/ext/mysql2
make "DESTDIR=" install
/usr/bin/install -c -m 0755 mysql2.so ./.gem.20190314-27436-1gl6uju/mysql2
